Using pre-set license
Built from '2021.3/staging' branch; Version is '2021.3.10f1 (1c7d0df0160b) revision 1867021'; Using compiler version '192829333'; Build Type 'Release'
OS: 'Windows 10  (10.0.19045) 64bit ProfessionalWorkstation' Language: 'en' Physical Memory: 16306 MB
BatchMode: 1, IsHumanControllingUs: 0, StartBugReporterOnCrash: 0, Is64bit: 1, IsPro: 1

COMMAND LINE ARGUMENTS:
C:\Program Files\Unity\Hub\Editor\2021.3.10f1\Editor\Unity.exe
-adb2
-batchMode
-noUpm
-name
AssetImportWorker0
-projectPath
C:/Users/Imaginarium Admin/Documents/GitHub/New-Repository
-logFile
Logs/AssetImportWorker0.log
-srvPort
64518
Successfully changed project path to: C:/Users/Imaginarium Admin/Documents/GitHub/New-Repository
C:/Users/Imaginarium Admin/Documents/GitHub/New-Repository
[UnityMemory] Configuration Parameters - Can be set up in boot.config
    "memorysetup-bucket-allocator-granularity=16"
    "memorysetup-bucket-allocator-bucket-count=8"
    "memorysetup-bucket-allocator-block-size=33554432"
    "memorysetup-bucket-allocator-block-count=8"
    "memorysetup-main-allocator-block-size=16777216"
    "memorysetup-thread-allocator-block-size=16777216"
    "memorysetup-gfx-main-allocator-block-size=16777216"
    "memorysetup-gfx-thread-allocator-block-size=16777216"
    "memorysetup-cache-allocator-block-size=4194304"
    "memorysetup-typetree-allocator-block-size=2097152"
    "memorysetup-profiler-bucket-allocator-granularity=16"
    "memorysetup-profiler-bucket-allocator-bucket-count=8"
    "memorysetup-profiler-bucket-allocator-block-size=33554432"
    "memorysetup-profiler-bucket-allocator-block-count=8"
    "memorysetup-profiler-allocator-block-size=16777216"
    "memorysetup-profiler-editor-allocator-block-size=1048576"
    "memorysetup-temp-allocator-size-main=16777216"
    "memorysetup-job-temp-allocator-block-size=2097152"
    "memorysetup-job-temp-allocator-block-size-background=1048576"
    "memorysetup-job-temp-allocator-reduction-small-platforms=262144"
    "memorysetup-temp-allocator-size-background-worker=32768"
    "memorysetup-temp-allocator-size-job-worker=262144"
    "memorysetup-temp-allocator-size-preload-manager=33554432"
    "memorysetup-temp-allocator-size-nav-mesh-worker=65536"
    "memorysetup-temp-allocator-size-audio-worker=65536"
    "memorysetup-temp-allocator-size-cloud-worker=32768"
    "memorysetup-temp-allocator-size-gi-baking-worker=262144"
    "memorysetup-temp-allocator-size-gfx=262144"
Refreshing native plugins compatible for Editor in 273.83 ms, found 8 plugins.
Preloading 0 native plugins for Editor in 0.00 ms.
Initialize engine version: 2021.3.10f1 (1c7d0df0160b)
[Subsystems] Discovering subsystems at path C:/Program Files/Unity/Hub/Editor/2021.3.10f1/Editor/Data/Resources/UnitySubsystems
[Subsystems] Discovering subsystems at path C:/Users/Imaginarium Admin/Documents/GitHub/New-Repository/Assets
GfxDevice: creating device client; threaded=0; jobified=0
Direct3D:
    Version:  Direct3D 11.0 [level 11.1]
    Renderer: NVIDIA Quadro P4000 (ID=0x1bb1)
    Vendor:   NVIDIA
    VRAM:     8089 MB
    Driver:   30.0.14.7212
Initialize mono
Mono path[0] = 'C:/Program Files/Unity/Hub/Editor/2021.3.10f1/Editor/Data/Managed'
Mono path[1] = 'C:/Program Files/Unity/Hub/Editor/2021.3.10f1/Editor/Data/MonoBleedingEdge/lib/mono/unityjit-win32'
Mono config path = 'C:/Program Files/Unity/Hub/Editor/2021.3.10f1/Editor/Data/MonoBleedingEdge/etc'
Using monoOptions --debugger-agent=transport=dt_socket,embedding=1,server=y,suspend=n,address=127.0.0.1:56836
Begin MonoManager ReloadAssembly
Registering precompiled unity dll's ...
Register platform support module: C:/Program Files/Unity/Hub/Editor/2021.3.10f1/Editor/Data/PlaybackEngines/WindowsStandaloneSupport/UnityEditor.WindowsStandalone.Extensions.dll
Registered in 0.023534 seconds.
Native extension for WindowsStandalone target not found
Refreshing native plugins compatible for Editor in 137.09 ms, found 8 plugins.
Preloading 0 native plugins for Editor in 0.00 ms.
Mono: successfully reloaded assembly
- Completed reload, in  1.308 seconds
Domain Reload Profiling:
	ReloadAssembly (1309ms)
		BeginReloadAssembly (348ms)
			ExecutionOrderSort (0ms)
			DisableScriptedObjects (0ms)
			BackupInstance (0ms)
			ReleaseScriptingObjects (0ms)
			CreateAndSetChildDomain (1ms)
		EndReloadAssembly (742ms)
			LoadAssemblies (342ms)
			RebuildTransferFunctionScriptingTraits (0ms)
			SetupTypeCache (154ms)
			ReleaseScriptCaches (0ms)
			RebuildScriptCaches (44ms)
			SetupLoadedEditorAssemblies (457ms)
				LogAssemblyErrors (0ms)
				InitializePlatformSupportModulesInManaged (14ms)
				SetLoadedEditorAssemblies (0ms)
				RefreshPlugins (137ms)
				BeforeProcessingInitializeOnLoad (1ms)
				ProcessInitializeOnLoadAttributes (238ms)
				ProcessInitializeOnLoadMethodAttributes (65ms)
				AfterProcessingInitializeOnLoad (0ms)
				EditorAssembliesLoaded (0ms)
			ExecutionOrderSort2 (0ms)
			AwakeInstancesAfterBackupRestoration (0ms)
Platform modules already initialized, skipping
Registering precompiled user dll's ...
Registered in 0.097571 seconds.
Begin MonoManager ReloadAssembly
Symbol file LoadedFromMemory doesn't match image C:\Users\Imaginarium Admin\Documents\GitHub\New-Repository\Library\PackageCache\com.unity.visualscripting@1.7.8\Editor\VisualScripting.Core\Dependencies\YamlDotNet\Unity.VisualScripting.YamlDotNet.dll
Symbol file LoadedFromMemory doesn't match image C:\Users\Imaginarium Admin\Documents\GitHub\New-Repository\Library\PackageCache\com.unity.visualscripting@1.7.8\Editor\VisualScripting.Core\Dependencies\DotNetZip\Unity.VisualScripting.IonicZip.dll
Native extension for WindowsStandalone target not found
Refreshing native plugins compatible for Editor in 128.13 ms, found 8 plugins.
Preloading 0 native plugins for Editor in 0.00 ms.
Package Manager log level set to [2]
Mono: successfully reloaded assembly
- Completed reload, in  2.627 seconds
Domain Reload Profiling:
	ReloadAssembly (2628ms)
		BeginReloadAssembly (286ms)
			ExecutionOrderSort (0ms)
			DisableScriptedObjects (9ms)
			BackupInstance (0ms)
			ReleaseScriptingObjects (0ms)
			CreateAndSetChildDomain (35ms)
		EndReloadAssembly (2095ms)
			LoadAssemblies (605ms)
			RebuildTransferFunctionScriptingTraits (0ms)
			SetupTypeCache (456ms)
			ReleaseScriptCaches (1ms)
			RebuildScriptCaches (81ms)
			SetupLoadedEditorAssemblies (968ms)
				LogAssemblyErrors (0ms)
				InitializePlatformSupportModulesInManaged (12ms)
				SetLoadedEditorAssemblies (0ms)
				RefreshPlugins (128ms)
				BeforeProcessingInitializeOnLoad (178ms)
				ProcessInitializeOnLoadAttributes (580ms)
				ProcessInitializeOnLoadMethodAttributes (47ms)
				AfterProcessingInitializeOnLoad (23ms)
				EditorAssembliesLoaded (0ms)
			ExecutionOrderSort2 (0ms)
			AwakeInstancesAfterBackupRestoration (12ms)
Platform modules already initialized, skipping
========================================================================
Worker process is ready to serve import requests
Launched and connected shader compiler UnityShaderCompiler.exe after 0.16 seconds
Refreshing native plugins compatible for Editor in 1.08 ms, found 8 plugins.
Preloading 0 native plugins for Editor in 0.00 ms.
Unloading 4205 Unused Serialized files (Serialized files now loaded: 0)
Unloading 46 unused Assets / (56.5 KB). Loaded Objects now: 4649.
Memory consumption went from 145.9 MB to 145.8 MB.
Total: 5.893200 ms (FindLiveObjects: 0.550500 ms CreateObjectMapping: 0.404500 ms MarkObjects: 4.792100 ms  DeleteObjects: 0.144000 ms)

AssetImportParameters requested are different than current active one (requested -> active):
  custom:video-decoder-ogg-theora: a1e56fd34408186e4bbccfd4996cb3dc -> 
  custom:container-muxer-webm: aa71ff27fc2769a1b78a27578f13a17b -> 
  custom:container-demuxer-webm: 4f35f7cbe854078d1ac9338744f61a02 -> 
  custom:video-encoder-webm-vp8: eb34c28f22e8b96e1ab97ce403110664 -> 
  custom:audio-encoder-webm-vorbis: bf7c407c2cedff20999df2af8eb42d56 -> 
  custom:framework-win-MediaFoundation: 216162199b28c13a410421893ffa2e32 -> 
  custom:container-demuxer-ogg: 62fdf1f143b41e24485cea50d1cbac27 -> 
  custom:video-decoder-webm-vp8: 9c59270c3fd7afecdb556c50c9e8de78 -> 
  custom:audio-decoder-ogg-vorbis: bf7c407c2cedff20999df2af8eb42d56 -> 
========================================================================
Received Import Request.
  Time since last request: 355142.466727 seconds.
  path: Assets/Materials/Sphere.mat
  artifactKey: Guid(442f0b7b10a6f6b4094645e301e8df76) Importer(815301076,1909f56bfc062723c751e8b465ee728b)
Start importing Assets/Materials/Sphere.mat using Guid(442f0b7b10a6f6b4094645e301e8df76) Importer(815301076,1909f56bfc062723c751e8b465ee728b)  -> (artifact id: '74d19601bf9dfdbc805239a87798ba79') in 0.244871 seconds 
========================================================================
Received Import Request.
  Time since last request: 12.536254 seconds.
  path: Assets/Materials/maple-tree
  artifactKey: Guid(c1aa777fd8c3d1944ab8568a0d649895) Importer(815301076,1909f56bfc062723c751e8b465ee728b)
Start importing Assets/Materials/maple-tree using Guid(c1aa777fd8c3d1944ab8568a0d649895) Importer(815301076,1909f56bfc062723c751e8b465ee728b)  -> (artifact id: '8a96929ed446baa92aae8f4fcce54e7a') in 0.015001 seconds 
========================================================================
Received Import Request.
  Time since last request: 1.041443 seconds.
  path: Assets/Materials/maple-tree/source
  artifactKey: Guid(11123d03441a63143a7a68c1b42c69f6) Importer(815301076,1909f56bfc062723c751e8b465ee728b)
Start importing Assets/Materials/maple-tree/source using Guid(11123d03441a63143a7a68c1b42c69f6) Importer(815301076,1909f56bfc062723c751e8b465ee728b)  -> (artifact id: 'a13b12cbfb2e351e4b037e02812f3ce8') in 0.012461 seconds 
========================================================================
Received Import Request.
  Time since last request: 69.244056 seconds.
  path: Assets/maple-tree
  artifactKey: Guid(f2d8bf69f08e1ea4790fcd2243112926) Importer(815301076,1909f56bfc062723c751e8b465ee728b)
Start importing Assets/maple-tree using Guid(f2d8bf69f08e1ea4790fcd2243112926) Importer(815301076,1909f56bfc062723c751e8b465ee728b)  -> (artifact id: '9993ed1fa257d165ab36d314dfc96d59') in 0.015892 seconds 
========================================================================
Received Import Request.
  Time since last request: 2.781185 seconds.
  path: Assets
  artifactKey: Guid(00000000000000001000000000000000) Importer(815301076,1909f56bfc062723c751e8b465ee728b)
Start importing Assets using Guid(00000000000000001000000000000000) Importer(815301076,1909f56bfc062723c751e8b465ee728b)  -> (artifact id: '79842766b460edbeab6a34051e857a80') in 0.013557 seconds 
========================================================================
Received Import Request.
  Time since last request: 19.327628 seconds.
  path: Assets/Free 3D Models
  artifactKey: Guid(355e858e688324d48879fe7de3451e63) Importer(815301076,1909f56bfc062723c751e8b465ee728b)
Start importing Assets/Free 3D Models using Guid(355e858e688324d48879fe7de3451e63) Importer(815301076,1909f56bfc062723c751e8b465ee728b)  -> (artifact id: 'b6167b00b5b5ddb52edc571ec7503db1') in 0.016029 seconds 
========================================================================
Received Import Request.
  Time since last request: 9.351841 seconds.
  path: Assets/Free 3D Models/maple-tree/source
  artifactKey: Guid(048d920f8ad10664191b7dbd388abe2f) Importer(815301076,1909f56bfc062723c751e8b465ee728b)
Start importing Assets/Free 3D Models/maple-tree/source using Guid(048d920f8ad10664191b7dbd388abe2f) Importer(815301076,1909f56bfc062723c751e8b465ee728b)  -> (artifact id: '9e7af3db1d49f176a2772b10dd67b3ca') in 0.015377 seconds 
========================================================================
Received Import Request.
  Time since last request: 2.296211 seconds.
  path: Assets/Free 3D Models/maple-tree/source/temp_export.zip.zip
  artifactKey: Guid(7755d31ec3c6dee46a9d5b9242c7bd0b) Importer(815301076,1909f56bfc062723c751e8b465ee728b)
Start importing Assets/Free 3D Models/maple-tree/source/temp_export.zip.zip using Guid(7755d31ec3c6dee46a9d5b9242c7bd0b) Importer(815301076,1909f56bfc062723c751e8b465ee728b)  -> (artifact id: 'c97c50f559774e31e5cedebd20a4692e') in 0.025093 seconds 
========================================================================
Received Import Request.
  Time since last request: 114.473805 seconds.
  path: Assets/Free 3D Models/maple-tree/source/temp_export.dae
  artifactKey: Guid(2df5b0aeeac430443aa2f0ce8476bc0e) Importer(815301076,1909f56bfc062723c751e8b465ee728b)
Start importing Assets/Free 3D Models/maple-tree/source/temp_export.dae using Guid(2df5b0aeeac430443aa2f0ce8476bc0e) Importer(815301076,1909f56bfc062723c751e8b465ee728b)  -> (artifact id: '3b5239ac97fa55ff9ace5cfa09acb659') in 13.921467 seconds 
========================================================================
Received Import Request.
  Time since last request: 14.989398 seconds.
  path: Assets/Free 3D Models/maple-tree/source/temp_export
  artifactKey: Guid(9d3e2eb1d0a2177498e81aae85def5f2) Importer(815301076,1909f56bfc062723c751e8b465ee728b)
Start importing Assets/Free 3D Models/maple-tree/source/temp_export using Guid(9d3e2eb1d0a2177498e81aae85def5f2) Importer(815301076,1909f56bfc062723c751e8b465ee728b)  -> (artifact id: 'c6c4da262f299e32c959487ba97e1fac') in 0.013232 seconds 
========================================================================
Received Import Request.
  Time since last request: 0.651100 seconds.
  path: Assets/Free 3D Models/maple-tree/source/temp_export/grass.jpg
  artifactKey: Guid(ff2534b993bcdf549ba251f152c39ac0) Importer(815301076,1909f56bfc062723c751e8b465ee728b)
Start importing Assets/Free 3D Models/maple-tree/source/temp_export/grass.jpg using Guid(ff2534b993bcdf549ba251f152c39ac0) Importer(815301076,1909f56bfc062723c751e8b465ee728b)  -> (artifact id: 'c848b7a17830ae2b1ed54de06b9ddf54') in 0.087771 seconds 
========================================================================
Received Import Request.
  Time since last request: 0.000032 seconds.
  path: Assets/Free 3D Models/maple-tree/source/temp_export/sugar_maple_bark.jpg
  artifactKey: Guid(f6733bfc68f258d41b786958e2f6c4c4) Importer(815301076,1909f56bfc062723c751e8b465ee728b)
Start importing Assets/Free 3D Models/maple-tree/source/temp_export/sugar_maple_bark.jpg using Guid(f6733bfc68f258d41b786958e2f6c4c4) Importer(815301076,1909f56bfc062723c751e8b465ee728b)  -> (artifact id: 'ad99392721f11929f30c44c95fba3f20') in 0.046172 seconds 
========================================================================
Received Import Request.
  Time since last request: 60.843523 seconds.
  path: Assets/Free 3D Models/maple-tree/source/temp_export/Materials
  artifactKey: Guid(24c35b237290f824d8c1a77674e64478) Importer(815301076,1909f56bfc062723c751e8b465ee728b)
Start importing Assets/Free 3D Models/maple-tree/source/temp_export/Materials using Guid(24c35b237290f824d8c1a77674e64478) Importer(815301076,1909f56bfc062723c751e8b465ee728b)  -> (artifact id: '891e118a24b7d806c73d68bd630a06af') in 0.021736 seconds 
========================================================================
Received Import Request.
  Time since last request: 0.394676 seconds.
  path: Assets/Free 3D Models/maple-tree/source/temp_export/Materials/grass.mat
  artifactKey: Guid(f9c150d45b8a33b44bf9f4201fbc155e) Importer(815301076,1909f56bfc062723c751e8b465ee728b)
Start importing Assets/Free 3D Models/maple-tree/source/temp_export/Materials/grass.mat using Guid(f9c150d45b8a33b44bf9f4201fbc155e) Importer(815301076,1909f56bfc062723c751e8b465ee728b)  -> (artifact id: '58d9e87a2e6a3e6bbe983e97f5e33285') in 0.038084 seconds 
